[0.007s] Invoking command in '/home/tejas/mycobot/workspace/build/mycobot280': CMAKE_PREFIX_PATH=${CMAKE_PREFIX_PATH}:/opt/ros/jazzy DEBUGINFOD_URLS=https://debuginfod.ubuntu.com /usr/bin/cmake /home/tejas/mycobot/workspace/src/mycobot280 -DCMAKE_INSTALL_PREFIX=/home/tejas/mycobot/workspace/install/mycobot280
[0.092s] -- The C compiler identification is GNU 13.3.0
[0.163s] -- The CXX compiler identification is GNU 13.3.0
[0.180s] -- Detecting C compiler ABI info
[0.262s] -- Detecting C compiler ABI info - done
[0.267s] -- Check for working C compiler: /usr/bin/cc - skipped
[0.267s] -- Detecting C compile features
[0.268s] -- Detecting C compile features - done
[0.275s] -- Detecting CXX compiler ABI info
[0.361s] -- Detecting CXX compiler ABI info - done
[0.366s] -- Check for working CXX compiler: /usr/bin/c++ - skipped
[0.366s] -- Detecting CXX compile features
[0.366s] -- Detecting CXX compile features - done
[0.373s] -- Found ament_cmake: 2.5.4 (/opt/ros/jazzy/share/ament_cmake/cmake)
[0.485s] -- Found Python3: /usr/bin/python3 (found version "3.12.3") found components: Interpreter 
[0.574s] -- Found ros_gz_sim: 1.0.16 (/opt/ros/jazzy/share/ros_gz_sim/cmake)
[0.624s] -- Found rosidl_generator_c: 4.6.6 (/opt/ros/jazzy/share/rosidl_generator_c/cmake)
[0.637s] -- Found rosidl_generator_cpp: 4.6.6 (/opt/ros/jazzy/share/rosidl_generator_cpp/cmake)
[0.652s] -- Using all available rosidl_typesupport_c: rosidl_typesupport_fastrtps_c;rosidl_typesupport_introspection_c
[0.669s] -- Using all available rosidl_typesupport_cpp: rosidl_typesupport_fastrtps_cpp;rosidl_typesupport_introspection_cpp
[0.736s] -- Found rmw_implementation_cmake: 7.3.2 (/opt/ros/jazzy/share/rmw_implementation_cmake/cmake)
[0.740s] -- Found rmw_fastrtps_cpp: 8.4.3 (/opt/ros/jazzy/share/rmw_fastrtps_cpp/cmake)
[0.829s] -- Found OpenSSL: /usr/lib/x86_64-linux-gnu/libcrypto.so (found version "3.0.13")  
[0.843s] -- Found FastRTPS: /opt/ros/jazzy/include (Required is at least version "2.13") 
[0.859s] -- Using RMW implementation 'rmw_fastrtps_cpp' as default
[1.063s] -- Found ros_gz_bridge: 1.0.16 (/opt/ros/jazzy/share/ros_gz_bridge/cmake)
[1.084s] -- Looking for gz-msgs10 -- found version 10.3.2
[1.091s] -- Searching for dependencies of gz-msgs10
[1.202s] -- Found Protobuf: /usr/lib/x86_64-linux-gnu/libprotobuf.so (found version "3.21.12") 
[1.205s] -- Looking for gz-utils2 -- found version 2.2.1
[1.205s] -- Searching for dependencies of gz-utils2
[1.208s] -- Looking for gz-math7 -- found version 7.5.2
[1.208s] -- Searching for dependencies of gz-math7
[1.208s] -- Looking for gz-utils2 -- found version 2.2.1
[1.214s] -- Checking for module 'tinyxml2'
[1.229s] --   Found tinyxml2, version 10.0.0
[1.276s] -- Looking for gz-transport13 -- found version 13.4.1
[1.276s] -- Searching for dependencies of gz-transport13
[1.301s] -- Config-file not installed for ZeroMQ -- checking for pkg-config
[1.306s] -- Checking for module 'libzmq >= 4'
[1.321s] --   Found libzmq, version 4.3.5
[1.364s] -- Found ZeroMQ: TRUE (Required is at least version "4") 
[1.369s] -- Checking for module 'uuid'
[1.382s] --   Found uuid, version 2.39.3
[1.415s] -- Found UUID: TRUE  
[1.416s] -- Looking for gz-utils2 -- found version 2.2.1
[1.416s] -- Searching for dependencies of gz-utils2
[1.416s] -- Searching for <gz-utils2> component [cli]
[1.418s] -- Looking for gz-utils2-cli -- found version 2.2.1
[1.418s] -- Searching for dependencies of gz-utils2-cli
[1.419s] -- Looking for gz-msgs10 -- found version 10.3.2
[1.550s] -- Found ros_gz: 1.0.16 (/opt/ros/jazzy/share/ros_gz/cmake)
[1.553s] -- Found ros2_control: 4.38.0 (/opt/ros/jazzy/share/ros2_control/cmake)
[1.556s] -- Found ros2_controllers: 4.33.0 (/opt/ros/jazzy/share/ros2_controllers/cmake)
[1.559s] -- Found xacro: 2.1.1 (/opt/ros/jazzy/share/xacro/cmake)
[1.616s] -- Configuring done (1.6s)
[1.622s] -- Generating done (0.0s)
[1.623s] -- Build files have been written to: /home/tejas/mycobot/workspace/build/mycobot280
[1.632s] Invoked command in '/home/tejas/mycobot/workspace/build/mycobot280' returned '0': CMAKE_PREFIX_PATH=${CMAKE_PREFIX_PATH}:/opt/ros/jazzy DEBUGINFOD_URLS=https://debuginfod.ubuntu.com /usr/bin/cmake /home/tejas/mycobot/workspace/src/mycobot280 -DCMAKE_INSTALL_PREFIX=/home/tejas/mycobot/workspace/install/mycobot280
[1.633s] Invoking command in '/home/tejas/mycobot/workspace/build/mycobot280': CMAKE_PREFIX_PATH=${CMAKE_PREFIX_PATH}:/opt/ros/jazzy DEBUGINFOD_URLS=https://debuginfod.ubuntu.com /usr/bin/cmake --build /home/tejas/mycobot/workspace/build/mycobot280 -- -j16 -l16
[1.670s] Invoked command in '/home/tejas/mycobot/workspace/build/mycobot280' returned '0': CMAKE_PREFIX_PATH=${CMAKE_PREFIX_PATH}:/opt/ros/jazzy DEBUGINFOD_URLS=https://debuginfod.ubuntu.com /usr/bin/cmake --build /home/tejas/mycobot/workspace/build/mycobot280 -- -j16 -l16
[1.679s] Invoking command in '/home/tejas/mycobot/workspace/build/mycobot280': CMAKE_PREFIX_PATH=${CMAKE_PREFIX_PATH}:/opt/ros/jazzy DEBUGINFOD_URLS=https://debuginfod.ubuntu.com /usr/bin/cmake --install /home/tejas/mycobot/workspace/build/mycobot280
[1.686s] -- Install configuration: ""
[1.686s] -- Installing: /home/tejas/mycobot/workspace/install/mycobot280/share/mycobot280//launch
[1.687s] -- Installing: /home/tejas/mycobot/workspace/install/mycobot280/share/mycobot280//launch/mycobot_280_gazebo.launch.py
[1.687s] -- Installing: /home/tejas/mycobot/workspace/install/mycobot280/share/mycobot280//launch/gz_clock_bridge.launch.py
[1.687s] -- Installing: /home/tejas/mycobot/workspace/install/mycobot280/share/mycobot280//launch/mycobot_280_world.launch.py
[1.687s] -- Installing: /home/tejas/mycobot/workspace/install/mycobot280/share/mycobot280//urdf
[1.687s] -- Installing: /home/tejas/mycobot/workspace/install/mycobot280/share/mycobot280//urdf/mycobot_280_gazebo(0)
[1.687s] -- Installing: /home/tejas/mycobot/workspace/install/mycobot280/share/mycobot280//urdf/mycobot_280_gazebo.urdf
[1.687s] -- Installing: /home/tejas/mycobot/workspace/install/mycobot280/share/mycobot280//worlds
[1.687s] -- Installing: /home/tejas/mycobot/workspace/install/mycobot280/share/mycobot280//worlds/empty.world
[1.687s] -- Installing: /home/tejas/mycobot/workspace/install/mycobot280/share/ament_index/resource_index/package_run_dependencies/mycobot280
[1.687s] -- Installing: /home/tejas/mycobot/workspace/install/mycobot280/share/ament_index/resource_index/parent_prefix_path/mycobot280
[1.687s] -- Installing: /home/tejas/mycobot/workspace/install/mycobot280/share/mycobot280/environment/ament_prefix_path.sh
[1.688s] -- Installing: /home/tejas/mycobot/workspace/install/mycobot280/share/mycobot280/environment/ament_prefix_path.dsv
[1.688s] -- Installing: /home/tejas/mycobot/workspace/install/mycobot280/share/mycobot280/environment/path.sh
[1.688s] -- Installing: /home/tejas/mycobot/workspace/install/mycobot280/share/mycobot280/environment/path.dsv
[1.688s] -- Installing: /home/tejas/mycobot/workspace/install/mycobot280/share/mycobot280/local_setup.bash
[1.688s] -- Installing: /home/tejas/mycobot/workspace/install/mycobot280/share/mycobot280/local_setup.sh
[1.688s] -- Installing: /home/tejas/mycobot/workspace/install/mycobot280/share/mycobot280/local_setup.zsh
[1.688s] -- Installing: /home/tejas/mycobot/workspace/install/mycobot280/share/mycobot280/local_setup.dsv
[1.688s] -- Installing: /home/tejas/mycobot/workspace/install/mycobot280/share/mycobot280/package.dsv
[1.688s] -- Installing: /home/tejas/mycobot/workspace/install/mycobot280/share/ament_index/resource_index/packages/mycobot280
[1.688s] -- Installing: /home/tejas/mycobot/workspace/install/mycobot280/share/mycobot280/cmake/ament_cmake_export_dependencies-extras.cmake
[1.688s] -- Installing: /home/tejas/mycobot/workspace/install/mycobot280/share/mycobot280/cmake/mycobot280Config.cmake
[1.688s] -- Installing: /home/tejas/mycobot/workspace/install/mycobot280/share/mycobot280/cmake/mycobot280Config-version.cmake
[1.688s] -- Installing: /home/tejas/mycobot/workspace/install/mycobot280/share/mycobot280/package.xml
[1.690s] Invoked command in '/home/tejas/mycobot/workspace/build/mycobot280' returned '0': CMAKE_PREFIX_PATH=${CMAKE_PREFIX_PATH}:/opt/ros/jazzy DEBUGINFOD_URLS=https://debuginfod.ubuntu.com /usr/bin/cmake --install /home/tejas/mycobot/workspace/build/mycobot280
