-- The C compiler identification is GNU 13.3.0
-- The CXX compiler identification is GNU 13.3.0
-- Detecting C compiler ABI info
-- Detecting C compiler ABI info - done
-- Check for working C compiler: /usr/bin/cc - skipped
-- Detecting C compile features
-- Detecting C compile features - done
-- Detecting CXX compiler ABI info
-- Detecting CXX compiler ABI info - done
-- Check for working CXX compiler: /usr/bin/c++ - skipped
-- Detecting CXX compile features
-- Detecting CXX compile features - done
-- Found ament_cmake: 2.5.4 (/opt/ros/jazzy/share/ament_cmake/cmake)
-- Found Python3: /usr/bin/python3 (found version "3.12.3") found components: Interpreter 
-- Found ros_gz_sim: 1.0.16 (/opt/ros/jazzy/share/ros_gz_sim/cmake)
-- Found rosidl_generator_c: 4.6.6 (/opt/ros/jazzy/share/rosidl_generator_c/cmake)
-- Found rosidl_generator_cpp: 4.6.6 (/opt/ros/jazzy/share/rosidl_generator_cpp/cmake)
-- Using all available rosidl_typesupport_c: rosidl_typesupport_fastrtps_c;rosidl_typesupport_introspection_c
-- Using all available rosidl_typesupport_cpp: rosidl_typesupport_fastrtps_cpp;rosidl_typesupport_introspection_cpp
-- Found rmw_implementation_cmake: 7.3.2 (/opt/ros/jazzy/share/rmw_implementation_cmake/cmake)
-- Found rmw_fastrtps_cpp: 8.4.3 (/opt/ros/jazzy/share/rmw_fastrtps_cpp/cmake)
-- Found OpenSSL: /usr/lib/x86_64-linux-gnu/libcrypto.so (found version "3.0.13")  
-- Found FastRTPS: /opt/ros/jazzy/include (Required is at least version "2.13") 
-- Using RMW implementation 'rmw_fastrtps_cpp' as default
-- Found ros_gz_bridge: 1.0.16 (/opt/ros/jazzy/share/ros_gz_bridge/cmake)
-- Looking for gz-msgs10 -- found version 10.3.2
-- Searching for dependencies of gz-msgs10
-- Found Protobuf: /usr/lib/x86_64-linux-gnu/libprotobuf.so (found version "3.21.12") 
-- Looking for gz-utils2 -- found version 2.2.1
-- Searching for dependencies of gz-utils2
-- Looking for gz-math7 -- found version 7.5.2
-- Searching for dependencies of gz-math7
-- Looking for gz-utils2 -- found version 2.2.1
-- Checking for module 'tinyxml2'
--   Found tinyxml2, version 10.0.0
-- Looking for gz-transport13 -- found version 13.4.1
-- Searching for dependencies of gz-transport13
-- Config-file not installed for ZeroMQ -- checking for pkg-config
-- Checking for module 'libzmq >= 4'
--   Found libzmq, version 4.3.5
-- Found ZeroMQ: TRUE (Required is at least version "4") 
-- Checking for module 'uuid'
--   Found uuid, version 2.39.3
-- Found UUID: TRUE  
-- Looking for gz-utils2 -- found version 2.2.1
-- Searching for dependencies of gz-utils2
-- Searching for <gz-utils2> component [cli]
-- Looking for gz-utils2-cli -- found version 2.2.1
-- Searching for dependencies of gz-utils2-cli
-- Looking for gz-msgs10 -- found version 10.3.2
-- Found ros2_control: 4.38.0 (/opt/ros/jazzy/share/ros2_control/cmake)
-- Found ros2_controllers: 4.33.0 (/opt/ros/jazzy/share/ros2_controllers/cmake)
-- Found xacro: 2.1.1 (/opt/ros/jazzy/share/xacro/cmake)
-- Found ros_gz: 1.0.16 (/opt/ros/jazzy/share/ros_gz/cmake)
-- Configuring done (1.4s)
-- Generating done (0.0s)
-- Build files have been written to: /home/tejas/mycobot/workspace/build/mycobot280_pi
-- Install configuration: ""
-- Installing: /home/tejas/mycobot/workspace/install/mycobot280_pi/share/mycobot280_pi//launch
-- Installing: /home/tejas/mycobot/workspace/install/mycobot280_pi/share/mycobot280_pi//launch/mycobot_280_gazebo.launch.py
-- Installing: /home/tejas/mycobot/workspace/install/mycobot280_pi/share/mycobot280_pi//launch/gz_clock_bridge.launch.py
-- Installing: /home/tejas/mycobot/workspace/install/mycobot280_pi/share/mycobot280_pi//launch/mycobot_280_world.launch.py
-- Installing: /home/tejas/mycobot/workspace/install/mycobot280_pi/share/mycobot280_pi//urdf
-- Installing: /home/tejas/mycobot/workspace/install/mycobot280_pi/share/mycobot280_pi//urdf/mycobot_280_gazebo.urdf
-- Installing: /home/tejas/mycobot/workspace/install/mycobot280_pi/share/mycobot280_pi//urdf/meshes
-- Installing: /home/tejas/mycobot/workspace/install/mycobot280_pi/share/mycobot280_pi//urdf/meshes/joint3.dae
-- Installing: /home/tejas/mycobot/workspace/install/mycobot280_pi/share/mycobot280_pi//urdf/meshes/G_base.dae
-- Installing: /home/tejas/mycobot/workspace/install/mycobot280_pi/share/mycobot280_pi//urdf/meshes/joint2.png
-- Installing: /home/tejas/mycobot/workspace/install/mycobot280_pi/share/mycobot280_pi//urdf/meshes/joint4.png
-- Installing: /home/tejas/mycobot/workspace/install/mycobot280_pi/share/mycobot280_pi//urdf/meshes/joint6.png
-- Installing: /home/tejas/mycobot/workspace/install/mycobot280_pi/share/mycobot280_pi//urdf/meshes/joint3.png
-- Installing: /home/tejas/mycobot/workspace/install/mycobot280_pi/share/mycobot280_pi//urdf/meshes/joint4.dae
-- Installing: /home/tejas/mycobot/workspace/install/mycobot280_pi/share/mycobot280_pi//urdf/meshes/joint2.dae
-- Installing: /home/tejas/mycobot/workspace/install/mycobot280_pi/share/mycobot280_pi//urdf/meshes/joint7.png
-- Installing: /home/tejas/mycobot/workspace/install/mycobot280_pi/share/mycobot280_pi//urdf/meshes/joint1.stl
-- Installing: /home/tejas/mycobot/workspace/install/mycobot280_pi/share/mycobot280_pi//urdf/meshes/joint1.png
-- Installing: /home/tejas/mycobot/workspace/install/mycobot280_pi/share/mycobot280_pi//urdf/meshes/joint5.png
-- Installing: /home/tejas/mycobot/workspace/install/mycobot280_pi/share/mycobot280_pi//urdf/meshes/joint5.stl
-- Installing: /home/tejas/mycobot/workspace/install/mycobot280_pi/share/mycobot280_pi//urdf/meshes/joint6.dae
-- Installing: /home/tejas/mycobot/workspace/install/mycobot280_pi/share/mycobot280_pi//urdf/meshes/joint7.dae
-- Installing: /home/tejas/mycobot/workspace/install/mycobot280_pi/share/mycobot280_pi//worlds
-- Installing: /home/tejas/mycobot/workspace/install/mycobot280_pi/share/mycobot280_pi//worlds/empty.world
-- Installing: /home/tejas/mycobot/workspace/install/mycobot280_pi/lib/mycobot280_pi/move_mycobot.py
-- Installing: /home/tejas/mycobot/workspace/install/mycobot280_pi/lib/mycobot280_pi/log_joint_data.py
-- Installing: /home/tejas/mycobot/workspace/install/mycobot280_pi/share/ament_index/resource_index/package_run_dependencies/mycobot280_pi
-- Installing: /home/tejas/mycobot/workspace/install/mycobot280_pi/share/ament_index/resource_index/parent_prefix_path/mycobot280_pi
-- Installing: /home/tejas/mycobot/workspace/install/mycobot280_pi/share/mycobot280_pi/environment/ament_prefix_path.sh
-- Installing: /home/tejas/mycobot/workspace/install/mycobot280_pi/share/mycobot280_pi/environment/ament_prefix_path.dsv
-- Installing: /home/tejas/mycobot/workspace/install/mycobot280_pi/share/mycobot280_pi/environment/path.sh
-- Installing: /home/tejas/mycobot/workspace/install/mycobot280_pi/share/mycobot280_pi/environment/path.dsv
-- Installing: /home/tejas/mycobot/workspace/install/mycobot280_pi/share/mycobot280_pi/local_setup.bash
-- Installing: /home/tejas/mycobot/workspace/install/mycobot280_pi/share/mycobot280_pi/local_setup.sh
-- Installing: /home/tejas/mycobot/workspace/install/mycobot280_pi/share/mycobot280_pi/local_setup.zsh
-- Installing: /home/tejas/mycobot/workspace/install/mycobot280_pi/share/mycobot280_pi/local_setup.dsv
-- Installing: /home/tejas/mycobot/workspace/install/mycobot280_pi/share/mycobot280_pi/package.dsv
-- Installing: /home/tejas/mycobot/workspace/install/mycobot280_pi/share/ament_index/resource_index/packages/mycobot280_pi
-- Installing: /home/tejas/mycobot/workspace/install/mycobot280_pi/share/mycobot280_pi/cmake/mycobot280_piConfig.cmake
-- Installing: /home/tejas/mycobot/workspace/install/mycobot280_pi/share/mycobot280_pi/cmake/mycobot280_piConfig-version.cmake
-- Installing: /home/tejas/mycobot/workspace/install/mycobot280_pi/share/mycobot280_pi/package.xml
