[0.010s] Invoking command in '/home/tejas/mycobot/workspace/build/mycobot280_pi': CMAKE_PREFIX_PATH=${CMAKE_PREFIX_PATH}:/opt/ros/jazzy DEBUGINFOD_URLS=https://debuginfod.ubuntu.com /usr/bin/cmake /home/tejas/mycobot/workspace/src/mycobot280_pi -DCMAKE_INSTALL_PREFIX=/home/tejas/mycobot/workspace/install/mycobot280_pi
[0.054s] -- The C compiler identification is GNU 13.3.0
[0.093s] -- The CXX compiler identification is GNU 13.3.0
[0.110s] -- Detecting C compiler ABI info
[0.191s] -- Detecting C compiler ABI info - done
[0.196s] -- Check for working C compiler: /usr/bin/cc - skipped
[0.196s] -- Detecting C compile features
[0.196s] -- Detecting C compile features - done
[0.205s] -- Detecting CXX compiler ABI info
[0.289s] -- Detecting CXX compiler ABI info - done
[0.295s] -- Check for working CXX compiler: /usr/bin/c++ - skipped
[0.295s] -- Detecting CXX compile features
[0.295s] -- Detecting CXX compile features - done
[0.298s] -- Found ament_cmake: 2.5.4 (/opt/ros/jazzy/share/ament_cmake/cmake)
[0.407s] -- Found Python3: /usr/bin/python3 (found version "3.12.3") found components: Interpreter 
[0.487s] -- Found ros_gz_sim: 1.0.16 (/opt/ros/jazzy/share/ros_gz_sim/cmake)
[0.527s] -- Found rosidl_generator_c: 4.6.6 (/opt/ros/jazzy/share/rosidl_generator_c/cmake)
[0.538s] -- Found rosidl_generator_cpp: 4.6.6 (/opt/ros/jazzy/share/rosidl_generator_cpp/cmake)
[0.551s] -- Using all available rosidl_typesupport_c: rosidl_typesupport_fastrtps_c;rosidl_typesupport_introspection_c
[0.565s] -- Using all available rosidl_typesupport_cpp: rosidl_typesupport_fastrtps_cpp;rosidl_typesupport_introspection_cpp
[0.623s] -- Found rmw_implementation_cmake: 7.3.2 (/opt/ros/jazzy/share/rmw_implementation_cmake/cmake)
[0.626s] -- Found rmw_fastrtps_cpp: 8.4.3 (/opt/ros/jazzy/share/rmw_fastrtps_cpp/cmake)
[0.702s] -- Found OpenSSL: /usr/lib/x86_64-linux-gnu/libcrypto.so (found version "3.0.13")  
[0.718s] -- Found FastRTPS: /opt/ros/jazzy/include (Required is at least version "2.13") 
[0.735s] -- Using RMW implementation 'rmw_fastrtps_cpp' as default
[0.912s] -- Found ros_gz_bridge: 1.0.16 (/opt/ros/jazzy/share/ros_gz_bridge/cmake)
[0.928s] -- Looking for gz-msgs10 -- found version 10.3.2
[0.933s] -- Searching for dependencies of gz-msgs10
[1.031s] -- Found Protobuf: /usr/lib/x86_64-linux-gnu/libprotobuf.so (found version "3.21.12") 
[1.033s] -- Looking for gz-utils2 -- found version 2.2.1
[1.033s] -- Searching for dependencies of gz-utils2
[1.035s] -- Looking for gz-math7 -- found version 7.5.2
[1.035s] -- Searching for dependencies of gz-math7
[1.035s] -- Looking for gz-utils2 -- found version 2.2.1
[1.039s] -- Checking for module 'tinyxml2'
[1.055s] --   Found tinyxml2, version 10.0.0
[1.098s] -- Looking for gz-transport13 -- found version 13.4.1
[1.099s] -- Searching for dependencies of gz-transport13
[1.126s] -- Config-file not installed for ZeroMQ -- checking for pkg-config
[1.130s] -- Checking for module 'libzmq >= 4'
[1.147s] --   Found libzmq, version 4.3.5
[1.196s] -- Found ZeroMQ: TRUE (Required is at least version "4") 
[1.201s] -- Checking for module 'uuid'
[1.215s] --   Found uuid, version 2.39.3
[1.250s] -- Found UUID: TRUE  
[1.250s] -- Looking for gz-utils2 -- found version 2.2.1
[1.250s] -- Searching for dependencies of gz-utils2
[1.250s] -- Searching for <gz-utils2> component [cli]
[1.252s] -- Looking for gz-utils2-cli -- found version 2.2.1
[1.252s] -- Searching for dependencies of gz-utils2-cli
[1.252s] -- Looking for gz-msgs10 -- found version 10.3.2
[1.372s] -- Found ros2_control: 4.38.0 (/opt/ros/jazzy/share/ros2_control/cmake)
[1.374s] -- Found ros2_controllers: 4.33.0 (/opt/ros/jazzy/share/ros2_controllers/cmake)
[1.377s] -- Found xacro: 2.1.1 (/opt/ros/jazzy/share/xacro/cmake)
[1.379s] -- Found ros_gz: 1.0.16 (/opt/ros/jazzy/share/ros_gz/cmake)
[1.433s] -- Configuring done (1.4s)
[1.437s] -- Generating done (0.0s)
[1.439s] -- Build files have been written to: /home/tejas/mycobot/workspace/build/mycobot280_pi
[1.448s] Invoked command in '/home/tejas/mycobot/workspace/build/mycobot280_pi' returned '0': CMAKE_PREFIX_PATH=${CMAKE_PREFIX_PATH}:/opt/ros/jazzy DEBUGINFOD_URLS=https://debuginfod.ubuntu.com /usr/bin/cmake /home/tejas/mycobot/workspace/src/mycobot280_pi -DCMAKE_INSTALL_PREFIX=/home/tejas/mycobot/workspace/install/mycobot280_pi
[1.449s] Invoking command in '/home/tejas/mycobot/workspace/build/mycobot280_pi': CMAKE_PREFIX_PATH=${CMAKE_PREFIX_PATH}:/opt/ros/jazzy DEBUGINFOD_URLS=https://debuginfod.ubuntu.com /usr/bin/cmake --build /home/tejas/mycobot/workspace/build/mycobot280_pi -- -j16 -l16
[1.489s] Invoked command in '/home/tejas/mycobot/workspace/build/mycobot280_pi' returned '0': CMAKE_PREFIX_PATH=${CMAKE_PREFIX_PATH}:/opt/ros/jazzy DEBUGINFOD_URLS=https://debuginfod.ubuntu.com /usr/bin/cmake --build /home/tejas/mycobot/workspace/build/mycobot280_pi -- -j16 -l16
[1.497s] Invoking command in '/home/tejas/mycobot/workspace/build/mycobot280_pi': CMAKE_PREFIX_PATH=${CMAKE_PREFIX_PATH}:/opt/ros/jazzy DEBUGINFOD_URLS=https://debuginfod.ubuntu.com /usr/bin/cmake --install /home/tejas/mycobot/workspace/build/mycobot280_pi
[1.504s] -- Install configuration: ""
[1.504s] -- Installing: /home/tejas/mycobot/workspace/install/mycobot280_pi/share/mycobot280_pi//launch
[1.504s] -- Installing: /home/tejas/mycobot/workspace/install/mycobot280_pi/share/mycobot280_pi//launch/mycobot_280_gazebo.launch.py
[1.504s] -- Installing: /home/tejas/mycobot/workspace/install/mycobot280_pi/share/mycobot280_pi//launch/gz_clock_bridge.launch.py
[1.504s] -- Installing: /home/tejas/mycobot/workspace/install/mycobot280_pi/share/mycobot280_pi//launch/mycobot_280_world.launch.py
[1.504s] -- Installing: /home/tejas/mycobot/workspace/install/mycobot280_pi/share/mycobot280_pi//urdf
[1.504s] -- Installing: /home/tejas/mycobot/workspace/install/mycobot280_pi/share/mycobot280_pi//urdf/mycobot_280_gazebo.urdf
[1.504s] -- Installing: /home/tejas/mycobot/workspace/install/mycobot280_pi/share/mycobot280_pi//urdf/meshes
[1.504s] -- Installing: /home/tejas/mycobot/workspace/install/mycobot280_pi/share/mycobot280_pi//urdf/meshes/joint3.dae
[1.508s] -- Installing: /home/tejas/mycobot/workspace/install/mycobot280_pi/share/mycobot280_pi//urdf/meshes/G_base.dae
[1.513s] -- Installing: /home/tejas/mycobot/workspace/install/mycobot280_pi/share/mycobot280_pi//urdf/meshes/joint2.png
[1.513s] -- Installing: /home/tejas/mycobot/workspace/install/mycobot280_pi/share/mycobot280_pi//urdf/meshes/joint4.png
[1.513s] -- Installing: /home/tejas/mycobot/workspace/install/mycobot280_pi/share/mycobot280_pi//urdf/meshes/joint6.png
[1.513s] -- Installing: /home/tejas/mycobot/workspace/install/mycobot280_pi/share/mycobot280_pi//urdf/meshes/joint3.png
[1.513s] -- Installing: /home/tejas/mycobot/workspace/install/mycobot280_pi/share/mycobot280_pi//urdf/meshes/joint4.dae
[1.516s] -- Installing: /home/tejas/mycobot/workspace/install/mycobot280_pi/share/mycobot280_pi//urdf/meshes/joint2.dae
[1.516s] -- Installing: /home/tejas/mycobot/workspace/install/mycobot280_pi/share/mycobot280_pi//urdf/meshes/joint7.png
[1.516s] -- Installing: /home/tejas/mycobot/workspace/install/mycobot280_pi/share/mycobot280_pi//urdf/meshes/joint1.stl
[1.534s] -- Installing: /home/tejas/mycobot/workspace/install/mycobot280_pi/share/mycobot280_pi//urdf/meshes/joint1.png
[1.534s] -- Installing: /home/tejas/mycobot/workspace/install/mycobot280_pi/share/mycobot280_pi//urdf/meshes/joint5.png
[1.534s] -- Installing: /home/tejas/mycobot/workspace/install/mycobot280_pi/share/mycobot280_pi//urdf/meshes/joint5.stl
[1.538s] -- Installing: /home/tejas/mycobot/workspace/install/mycobot280_pi/share/mycobot280_pi//urdf/meshes/joint6.dae
[1.539s] -- Installing: /home/tejas/mycobot/workspace/install/mycobot280_pi/share/mycobot280_pi//urdf/meshes/joint7.dae
[1.540s] -- Installing: /home/tejas/mycobot/workspace/install/mycobot280_pi/share/mycobot280_pi//worlds
[1.540s] -- Installing: /home/tejas/mycobot/workspace/install/mycobot280_pi/share/mycobot280_pi//worlds/empty.world
[1.540s] -- Installing: /home/tejas/mycobot/workspace/install/mycobot280_pi/lib/mycobot280_pi/move_mycobot.py
[1.540s] -- Installing: /home/tejas/mycobot/workspace/install/mycobot280_pi/lib/mycobot280_pi/log_joint_data.py
[1.540s] -- Installing: /home/tejas/mycobot/workspace/install/mycobot280_pi/share/ament_index/resource_index/package_run_dependencies/mycobot280_pi
[1.540s] -- Installing: /home/tejas/mycobot/workspace/install/mycobot280_pi/share/ament_index/resource_index/parent_prefix_path/mycobot280_pi
[1.540s] -- Installing: /home/tejas/mycobot/workspace/install/mycobot280_pi/share/mycobot280_pi/environment/ament_prefix_path.sh
[1.540s] -- Installing: /home/tejas/mycobot/workspace/install/mycobot280_pi/share/mycobot280_pi/environment/ament_prefix_path.dsv
[1.541s] -- Installing: /home/tejas/mycobot/workspace/install/mycobot280_pi/share/mycobot280_pi/environment/path.sh
[1.541s] -- Installing: /home/tejas/mycobot/workspace/install/mycobot280_pi/share/mycobot280_pi/environment/path.dsv
[1.541s] -- Installing: /home/tejas/mycobot/workspace/install/mycobot280_pi/share/mycobot280_pi/local_setup.bash
[1.541s] -- Installing: /home/tejas/mycobot/workspace/install/mycobot280_pi/share/mycobot280_pi/local_setup.sh
[1.541s] -- Installing: /home/tejas/mycobot/workspace/install/mycobot280_pi/share/mycobot280_pi/local_setup.zsh
[1.541s] -- Installing: /home/tejas/mycobot/workspace/install/mycobot280_pi/share/mycobot280_pi/local_setup.dsv
[1.541s] -- Installing: /home/tejas/mycobot/workspace/install/mycobot280_pi/share/mycobot280_pi/package.dsv
[1.541s] -- Installing: /home/tejas/mycobot/workspace/install/mycobot280_pi/share/ament_index/resource_index/packages/mycobot280_pi
[1.541s] -- Installing: /home/tejas/mycobot/workspace/install/mycobot280_pi/share/mycobot280_pi/cmake/mycobot280_piConfig.cmake
[1.541s] -- Installing: /home/tejas/mycobot/workspace/install/mycobot280_pi/share/mycobot280_pi/cmake/mycobot280_piConfig-version.cmake
[1.542s] -- Installing: /home/tejas/mycobot/workspace/install/mycobot280_pi/share/mycobot280_pi/package.xml
[1.543s] Invoked command in '/home/tejas/mycobot/workspace/build/mycobot280_pi' returned '0': CMAKE_PREFIX_PATH=${CMAKE_PREFIX_PATH}:/opt/ros/jazzy DEBUGINFOD_URLS=https://debuginfod.ubuntu.com /usr/bin/cmake --install /home/tejas/mycobot/workspace/build/mycobot280_pi
