-- Install configuration: ""
-- Up-to-date: /home/tejas/mycobot/workspace/install/mycobot280/share/mycobot280//launch
-- Up-to-date: /home/tejas/mycobot/workspace/install/mycobot280/share/mycobot280//launch/mycobot_280_gazebo.launch.py
-- Up-to-date: /home/tejas/mycobot/workspace/install/mycobot280/share/mycobot280//launch/gz_clock_bridge.launch.py
-- Up-to-date: /home/tejas/mycobot/workspace/install/mycobot280/share/mycobot280//launch/mycobot_280_world.launch.py
-- Up-to-date: /home/tejas/mycobot/workspace/install/mycobot280/share/mycobot280//urdf
-- Up-to-date: /home/tejas/mycobot/workspace/install/mycobot280/share/mycobot280//urdf/mycobot_280_gazebo(0)
-- Installing: /home/tejas/mycobot/workspace/install/mycobot280/share/mycobot280//urdf/mycobot_280_gazebo.urdf
-- Up-to-date: /home/tejas/mycobot/workspace/install/mycobot280/share/mycobot280//worlds
-- Up-to-date: /home/tejas/mycobot/workspace/install/mycobot280/share/mycobot280//worlds/empty.world
-- Up-to-date: /home/tejas/mycobot/workspace/install/mycobot280/share/ament_index/resource_index/package_run_dependencies/mycobot280
-- Up-to-date: /home/tejas/mycobot/workspace/install/mycobot280/share/ament_index/resource_index/parent_prefix_path/mycobot280
-- Up-to-date: /home/tejas/mycobot/workspace/install/mycobot280/share/mycobot280/environment/ament_prefix_path.sh
-- Up-to-date: /home/tejas/mycobot/workspace/install/mycobot280/share/mycobot280/environment/ament_prefix_path.dsv
-- Up-to-date: /home/tejas/mycobot/workspace/install/mycobot280/share/mycobot280/environment/path.sh
-- Up-to-date: /home/tejas/mycobot/workspace/install/mycobot280/share/mycobot280/environment/path.dsv
-- Up-to-date: /home/tejas/mycobot/workspace/install/mycobot280/share/mycobot280/local_setup.bash
-- Up-to-date: /home/tejas/mycobot/workspace/install/mycobot280/share/mycobot280/local_setup.sh
-- Up-to-date: /home/tejas/mycobot/workspace/install/mycobot280/share/mycobot280/local_setup.zsh
-- Up-to-date: /home/tejas/mycobot/workspace/install/mycobot280/share/mycobot280/local_setup.dsv
-- Installing: /home/tejas/mycobot/workspace/install/mycobot280/share/mycobot280/package.dsv
-- Up-to-date: /home/tejas/mycobot/workspace/install/mycobot280/share/ament_index/resource_index/packages/mycobot280
-- Up-to-date: /home/tejas/mycobot/workspace/install/mycobot280/share/mycobot280/cmake/ament_cmake_export_dependencies-extras.cmake
-- Up-to-date: /home/tejas/mycobot/workspace/install/mycobot280/share/mycobot280/cmake/mycobot280Config.cmake
-- Up-to-date: /home/tejas/mycobot/workspace/install/mycobot280/share/mycobot280/cmake/mycobot280Config-version.cmake
-- Up-to-date: /home/tejas/mycobot/workspace/install/mycobot280/share/mycobot280/package.xml
