-- Install configuration: ""
-- Up-to-date: /home/tejas/mycobot/workspace/install/mycobot280_pi/share/mycobot280_pi//launch
-- Up-to-date: /home/tejas/mycobot/workspace/install/mycobot280_pi/share/mycobot280_pi//launch/mycobot_280_gazebo.launch.py
-- Up-to-date: /home/tejas/mycobot/workspace/install/mycobot280_pi/share/mycobot280_pi//launch/gz_clock_bridge.launch.py
-- Installing: /home/tejas/mycobot/workspace/install/mycobot280_pi/share/mycobot280_pi//launch/mycobot_280_world.launch.py
-- Up-to-date: /home/tejas/mycobot/workspace/install/mycobot280_pi/share/mycobot280_pi//urdf
-- Up-to-date: /home/tejas/mycobot/workspace/install/mycobot280_pi/share/mycobot280_pi//urdf/mycobot_280_gazebo.urdf
-- Up-to-date: /home/tejas/mycobot/workspace/install/mycobot280_pi/share/mycobot280_pi//urdf/meshes
-- Up-to-date: /home/tejas/mycobot/workspace/install/mycobot280_pi/share/mycobot280_pi//urdf/meshes/joint3.dae
-- Up-to-date: /home/tejas/mycobot/workspace/install/mycobot280_pi/share/mycobot280_pi//urdf/meshes/G_base.dae
-- Up-to-date: /home/tejas/mycobot/workspace/install/mycobot280_pi/share/mycobot280_pi//urdf/meshes/joint2.png
-- Up-to-date: /home/tejas/mycobot/workspace/install/mycobot280_pi/share/mycobot280_pi//urdf/meshes/joint4.png
-- Up-to-date: /home/tejas/mycobot/workspace/install/mycobot280_pi/share/mycobot280_pi//urdf/meshes/joint6.png
-- Up-to-date: /home/tejas/mycobot/workspace/install/mycobot280_pi/share/mycobot280_pi//urdf/meshes/joint3.png
-- Up-to-date: /home/tejas/mycobot/workspace/install/mycobot280_pi/share/mycobot280_pi//urdf/meshes/joint4.dae
-- Up-to-date: /home/tejas/mycobot/workspace/install/mycobot280_pi/share/mycobot280_pi//urdf/meshes/joint2.dae
-- Up-to-date: /home/tejas/mycobot/workspace/install/mycobot280_pi/share/mycobot280_pi//urdf/meshes/joint7.png
-- Up-to-date: /home/tejas/mycobot/workspace/install/mycobot280_pi/share/mycobot280_pi//urdf/meshes/joint1.stl
-- Up-to-date: /home/tejas/mycobot/workspace/install/mycobot280_pi/share/mycobot280_pi//urdf/meshes/joint1.png
-- Up-to-date: /home/tejas/mycobot/workspace/install/mycobot280_pi/share/mycobot280_pi//urdf/meshes/joint5.png
-- Up-to-date: /home/tejas/mycobot/workspace/install/mycobot280_pi/share/mycobot280_pi//urdf/meshes/joint5.stl
-- Up-to-date: /home/tejas/mycobot/workspace/install/mycobot280_pi/share/mycobot280_pi//urdf/meshes/joint6.dae
-- Up-to-date: /home/tejas/mycobot/workspace/install/mycobot280_pi/share/mycobot280_pi//urdf/meshes/joint7.dae
-- Up-to-date: /home/tejas/mycobot/workspace/install/mycobot280_pi/share/mycobot280_pi//worlds
-- Up-to-date: /home/tejas/mycobot/workspace/install/mycobot280_pi/share/mycobot280_pi//worlds/empty.world
-- Up-to-date: /home/tejas/mycobot/workspace/install/mycobot280_pi/lib/mycobot280_pi/move_mycobot.py
-- Up-to-date: /home/tejas/mycobot/workspace/install/mycobot280_pi/lib/mycobot280_pi/log_joint_data.py
-- Up-to-date: /home/tejas/mycobot/workspace/install/mycobot280_pi/share/ament_index/resource_index/package_run_dependencies/mycobot280_pi
-- Up-to-date: /home/tejas/mycobot/workspace/install/mycobot280_pi/share/ament_index/resource_index/parent_prefix_path/mycobot280_pi
-- Up-to-date: /home/tejas/mycobot/workspace/install/mycobot280_pi/share/mycobot280_pi/environment/ament_prefix_path.sh
-- Up-to-date: /home/tejas/mycobot/workspace/install/mycobot280_pi/share/mycobot280_pi/environment/ament_prefix_path.dsv
-- Up-to-date: /home/tejas/mycobot/workspace/install/mycobot280_pi/share/mycobot280_pi/environment/path.sh
-- Up-to-date: /home/tejas/mycobot/workspace/install/mycobot280_pi/share/mycobot280_pi/environment/path.dsv
-- Up-to-date: /home/tejas/mycobot/workspace/install/mycobot280_pi/share/mycobot280_pi/local_setup.bash
-- Up-to-date: /home/tejas/mycobot/workspace/install/mycobot280_pi/share/mycobot280_pi/local_setup.sh
-- Up-to-date: /home/tejas/mycobot/workspace/install/mycobot280_pi/share/mycobot280_pi/local_setup.zsh
-- Up-to-date: /home/tejas/mycobot/workspace/install/mycobot280_pi/share/mycobot280_pi/local_setup.dsv
-- Up-to-date: /home/tejas/mycobot/workspace/install/mycobot280_pi/share/mycobot280_pi/package.dsv
-- Up-to-date: /home/tejas/mycobot/workspace/install/mycobot280_pi/share/ament_index/resource_index/packages/mycobot280_pi
-- Up-to-date: /home/tejas/mycobot/workspace/install/mycobot280_pi/share/mycobot280_pi/cmake/mycobot280_piConfig.cmake
-- Up-to-date: /home/tejas/mycobot/workspace/install/mycobot280_pi/share/mycobot280_pi/cmake/mycobot280_piConfig-version.cmake
-- Up-to-date: /home/tejas/mycobot/workspace/install/mycobot280_pi/share/mycobot280_pi/package.xml
