[0.010s] Invoking command in '/home/tejas/mycobot/workspace/build/mycobot280': CMAKE_PREFIX_PATH=${CMAKE_PREFIX_PATH}:/opt/ros/jazzy DEBUGINFOD_URLS=https://debuginfod.ubuntu.com /usr/bin/cmake --build /home/tejas/mycobot/workspace/build/mycobot280 -- -j16 -l16
[0.047s] Invoked command in '/home/tejas/mycobot/workspace/build/mycobot280' returned '0': CMAKE_PREFIX_PATH=${CMAKE_PREFIX_PATH}:/opt/ros/jazzy DEBUGINFOD_URLS=https://debuginfod.ubuntu.com /usr/bin/cmake --build /home/tejas/mycobot/workspace/build/mycobot280 -- -j16 -l16
[0.054s] Invoking command in '/home/tejas/mycobot/workspace/build/mycobot280': CMAKE_PREFIX_PATH=${CMAKE_PREFIX_PATH}:/opt/ros/jazzy DEBUGINFOD_URLS=https://debuginfod.ubuntu.com /usr/bin/cmake --install /home/tejas/mycobot/workspace/build/mycobot280
[0.061s] -- Install configuration: ""
[0.061s] -- Up-to-date: /home/tejas/mycobot/workspace/install/mycobot280/share/mycobot280//launch
[0.061s] -- Up-to-date: /home/tejas/mycobot/workspace/install/mycobot280/share/mycobot280//launch/mycobot_280_gazebo.launch.py
[0.061s] -- Up-to-date: /home/tejas/mycobot/workspace/install/mycobot280/share/mycobot280//launch/gz_clock_bridge.launch.py
[0.061s] -- Up-to-date: /home/tejas/mycobot/workspace/install/mycobot280/share/mycobot280//launch/mycobot_280_world.launch.py
[0.061s] -- Up-to-date: /home/tejas/mycobot/workspace/install/mycobot280/share/mycobot280//urdf
[0.061s] -- Up-to-date: /home/tejas/mycobot/workspace/install/mycobot280/share/mycobot280//urdf/mycobot_280_gazebo(0)
[0.061s] -- Up-to-date: /home/tejas/mycobot/workspace/install/mycobot280/share/mycobot280//urdf/mycobot_280_gazebo.urdf
[0.061s] -- Up-to-date: /home/tejas/mycobot/workspace/install/mycobot280/share/mycobot280//worlds
[0.062s] -- Up-to-date: /home/tejas/mycobot/workspace/install/mycobot280/share/mycobot280//worlds/empty.world
[0.062s] -- Up-to-date: /home/tejas/mycobot/workspace/install/mycobot280/share/ament_index/resource_index/package_run_dependencies/mycobot280
[0.062s] -- Up-to-date: /home/tejas/mycobot/workspace/install/mycobot280/share/ament_index/resource_index/parent_prefix_path/mycobot280
[0.062s] -- Up-to-date: /home/tejas/mycobot/workspace/install/mycobot280/share/mycobot280/environment/ament_prefix_path.sh
[0.062s] -- Up-to-date: /home/tejas/mycobot/workspace/install/mycobot280/share/mycobot280/environment/ament_prefix_path.dsv
[0.062s] -- Up-to-date: /home/tejas/mycobot/workspace/install/mycobot280/share/mycobot280/environment/path.sh
[0.062s] -- Up-to-date: /home/tejas/mycobot/workspace/install/mycobot280/share/mycobot280/environment/path.dsv
[0.062s] -- Up-to-date: /home/tejas/mycobot/workspace/install/mycobot280/share/mycobot280/local_setup.bash
[0.062s] -- Up-to-date: /home/tejas/mycobot/workspace/install/mycobot280/share/mycobot280/local_setup.sh
[0.062s] -- Up-to-date: /home/tejas/mycobot/workspace/install/mycobot280/share/mycobot280/local_setup.zsh
[0.062s] -- Up-to-date: /home/tejas/mycobot/workspace/install/mycobot280/share/mycobot280/local_setup.dsv
[0.062s] -- Installing: /home/tejas/mycobot/workspace/install/mycobot280/share/mycobot280/package.dsv
[0.062s] -- Up-to-date: /home/tejas/mycobot/workspace/install/mycobot280/share/ament_index/resource_index/packages/mycobot280
[0.062s] -- Up-to-date: /home/tejas/mycobot/workspace/install/mycobot280/share/mycobot280/cmake/ament_cmake_export_dependencies-extras.cmake
[0.062s] -- Up-to-date: /home/tejas/mycobot/workspace/install/mycobot280/share/mycobot280/cmake/mycobot280Config.cmake
[0.062s] -- Up-to-date: /home/tejas/mycobot/workspace/install/mycobot280/share/mycobot280/cmake/mycobot280Config-version.cmake
[0.062s] -- Up-to-date: /home/tejas/mycobot/workspace/install/mycobot280/share/mycobot280/package.xml
[0.063s] Invoked command in '/home/tejas/mycobot/workspace/build/mycobot280' returned '0': CMAKE_PREFIX_PATH=${CMAKE_PREFIX_PATH}:/opt/ros/jazzy DEBUGINFOD_URLS=https://debuginfod.ubuntu.com /usr/bin/cmake --install /home/tejas/mycobot/workspace/build/mycobot280
